  fs-poll.c
  inet.c
  threadpool.c
  uv-common.c
  version.c
  async.c
  core.c
  dl.c
  error.c
  fs-event.c
  fs.c
  getaddrinfo.c
  getnameinfo.c
  handle.c
  loop-watcher.c
  pipe.c
  poll.c
  process-stdio.c
  process.c
  req.c
  正在生成代码...
  正在编译...
  signal.c
  snprintf.c
  stream.c
  tcp.c
  thread.c
  timer.c
  tty.c
  udp.c
  util.c
  winapi.c
  winsock.c
  正在生成代码...
req.obj : warning LNK4221: 此对象文件未定义任何之前未定义的公共符号，因此任何耗用此库的链接操作都不会使用此文件
  libuv.vcxproj -> C:\Users\kelvin\source\repos\server\proj_win\libuv\..\..\bin\win\libuv.lib
